<?xml version="1.0" encoding="UTF-8"?>
<!-- Generated by org.testng.reporters.JUnitReportReporter -->
<testsuite hostname="DESKTOP-JOTPNPS" failures="0" tests="1" name="test.TC008_MenuValidation" time="0.000" errors="0" timestamp="2024-03-27T23:10:58 IST" skipped="1">
  <testcase classname="test.TC008_MenuValidation" name="menuValidation" time="0.000">
    <skipped/>
  </testcase> <!-- menuValidation -->
  <system-out/>
</testsuite> <!-- test.TC008_MenuValidation -->
