<?xml version="1.0" encoding="UTF-8"?>
<!-- Generated by org.testng.reporters.JUnitReportReporter -->
<testsuite hostname="DESKTOP-JOTPNPS" failures="0" tests="1" name="test.TC007_LinkIsNotBrokenTest" time="31.213" errors="0" timestamp="2024-03-27T23:10:58 IST" skipped="0">
  <testcase classname="test.TC007_LinkIsNotBrokenTest" name="LinkIsNotBrokenTest" time="31.213"/>
  <system-out/>
</testsuite> <!-- test.TC007_LinkIsNotBrokenTest -->
