<?xml version="1.0" encoding="UTF-8"?>
<!-- Generated by org.testng.reporters.JUnitReportReporter -->
<testsuite hostname="DESKTOP-JOTPNPS" failures="0" tests="1" name="test.TC005_ShopByDepartmentTest" time="72.687" errors="0" timestamp="2024-03-27T23:10:58 IST" skipped="0">
  <testcase classname="test.TC005_ShopByDepartmentTest" name="Shopbydept" time="72.687"/>
  <system-out/>
</testsuite> <!-- test.TC005_ShopByDepartmentTest -->
