<?xml version="1.0" encoding="UTF-8"?>
<!-- Generated by org.testng.reporters.JUnitReportReporter -->
<testsuite hostname="DESKTOP-JOTPNPS" failures="0" tests="1" name="test.TC003_BottomLinksTest" time="26.688" errors="0" timestamp="2024-03-27T23:10:58 IST" skipped="0">
  <testcase classname="test.TC003_BottomLinksTest" name="BottomLinksTest" time="26.688"/>
  <system-out/>
</testsuite> <!-- test.TC003_BottomLinksTest -->
