<?xml version="1.0" encoding="UTF-8"?>
<!-- Generated by org.testng.reporters.JUnitReportReporter -->
<testsuite hostname="DESKTOP-JOTPNPS" failures="0" tests="1" name="test.TC006_ShopByBrandTest" time="75.653" errors="0" timestamp="2024-03-27T23:10:58 IST" skipped="0">
  <testcase classname="test.TC006_ShopByBrandTest" name="ShopByBrandTest" time="75.653"/>
  <system-out/>
</testsuite> <!-- test.TC006_ShopByBrandTest -->
