<?xml version="1.0" encoding="UTF-8"?>
<!-- Generated by org.testng.reporters.JUnitReportReporter -->
<testsuite hostname="DESKTOP-JOTPNPS" failures="0" tests="1" name="test.TC003_BottomLinksValidation" time="0.000" errors="0" timestamp="2024-03-27T23:10:58 IST" skipped="1">
  <testcase classname="test.TC003_BottomLinksValidation" name="BottonLinksValidation" time="0.000">
    <skipped/>
  </testcase> <!-- BottonLinksValidation -->
  <system-out/>
</testsuite> <!-- test.TC003_BottomLinksValidation -->
